<?xml version="1.0" encoding="UTF-8"?>
<testsuite name="kokoafriends.back.BackApplicationTests" tests="1" skipped="0" failures="0" errors="0" timestamp="2022-11-10T03:09:29" hostname="DESKTOP-HS1HH67" time="0.079">
  <properties/>
  <testcase name="contextLoads()" classname="kokoafriends.back.BackApplicationTests" time="0.079"/>
  <system-out><![CDATA[12:09:25.451 [Test worker] DEBUG org.springframework.test.context.BootstrapUtils - Instantiating CacheAwareContextLoaderDelegate from class [org.springframework.test.context.cache.DefaultCacheAwareContextLoaderDelegate]
12:09:25.451 [Test worker] DEBUG org.springframework.test.context.BootstrapUtils - Instantiating BootstrapContext using constructor [public org.springframework.test.context.support.DefaultBootstrapContext(java.lang.Class,org.springframework.test.context.CacheAwareContextLoaderDelegate)]
12:09:25.482 [Test worker] DEBUG org.springframework.test.context.BootstrapUtils - Instantiating TestContextBootstrapper for test class [kokoafriends.back.BackApplicationTests] from class [org.springframework.boot.test.context.SpringBootTestContextBootstrapper]
12:09:25.498 [Test worker] INFO org.springframework.boot.test.context.SpringBootTestContextBootstrapper - Neither @ContextConfiguration nor @ContextHierarchy found for test class [kokoafriends.back.BackApplicationTests], using SpringBootContextLoader
12:09:25.498 [Test worker] DEBUG org.springframework.test.context.support.AbstractContextLoader - Did not detect default resource location for test class [kokoafriends.back.BackApplicationTests]: class path resource [kokoafriends/back/BackApplicationTests-context.xml] does not exist
12:09:25.498 [Test worker] DEBUG org.springframework.test.context.support.AbstractContextLoader - Did not detect default resource location for test class [kokoafriends.back.BackApplicationTests]: class path resource [kokoafriends/back/BackApplicationTestsContext.groovy] does not exist
12:09:25.498 [Test worker] INFO org.springframework.test.context.support.AbstractContextLoader - Could not detect default resource locations for test class [kokoafriends.back.BackApplicationTests]: no resource found for suffixes {-context.xml, Context.groovy}.
12:09:25.498 [Test worker] INFO org.springframework.test.context.support.AnnotationConfigContextLoaderUtils - Could not detect default configuration classes for test class [kokoafriends.back.BackApplicationTests]: BackApplicationTests does not declare any static, non-private, non-final, nested classes annotated with @Configuration.
12:09:25.531 [Test worker] DEBUG org.springframework.test.context.support.ActiveProfilesUtils - Could not find an 'annotation declaring class' for annotation type [org.springframework.test.context.ActiveProfiles] and class [kokoafriends.back.BackApplicationTests]
12:09:25.589 [Test worker] DEBUG org.springframework.context.annotation.ClassPathScanningCandidateComponentProvider - Identified candidate component class: file [C:\Users\mink\IdeaProjects\kokoafriends\back\build\classes\java\main\kokoafriends\back\BackApplication.class]
12:09:25.589 [Test worker] INFO org.springframework.boot.test.context.SpringBootTestContextBootstrapper - Found @SpringBootConfiguration kokoafriends.back.BackApplication for test class kokoafriends.back.BackApplicationTests
12:09:25.668 [Test worker] DEBUG org.springframework.boot.test.context.SpringBootTestContextBootstrapper - @TestExecutionListeners is not present for class [kokoafriends.back.BackApplicationTests]: using defaults.
12:09:25.668 [Test worker] INFO org.springframework.boot.test.context.SpringBootTestContextBootstrapper - Loaded default TestExecutionListener class names from location [META-INF/spring.factories]: [org.springframework.security.test.context.support.WithSecurityContextTestExecutionListener, org.springframework.security.test.context.support.ReactorContextTestExecutionListener, org.springframework.boot.test.autoconfigure.restdocs.RestDocsTestExecutionListener, org.springframework.boot.test.autoconfigure.web.client.MockRestServiceServerResetTestExecutionListener, org.springframework.boot.test.autoconfigure.web.servlet.MockMvcPrintOnlyOnFailureTestExecutionListener, org.springframework.boot.test.autoconfigure.web.servlet.WebDriverTestExecutionListener, org.springframework.boot.test.autoconfigure.webservices.client.MockWebServiceServerTestExecutionListener, org.springframework.boot.test.mock.mockito.MockitoTestExecutionListener, org.springframework.boot.test.mock.mockito.ResetMocksTestExecutionListener, org.springframework.test.context.web.ServletTestExecutionListener, org.springframework.test.context.support.DirtiesContextBeforeModesTestExecutionListener, org.springframework.test.context.event.ApplicationEventsTestExecutionListener, org.springframework.test.context.support.DependencyInjectionTestExecutionListener, org.springframework.test.context.support.DirtiesContextTestExecutionListener, org.springframework.test.context.transaction.TransactionalTestExecutionListener, org.springframework.test.context.jdbc.SqlScriptsTestExecutionListener, org.springframework.test.context.event.EventPublishingTestExecutionListener]
12:09:25.716 [Test worker] INFO org.springframework.boot.test.context.SpringBootTestContextBootstrapper - Using TestExecutionListeners: [org.springframework.test.context.web.ServletTestExecutionListener@7674a051, org.springframework.test.context.support.DirtiesContextBeforeModesTestExecutionListener@3a7704c, org.springframework.test.context.event.ApplicationEventsTestExecutionListener@6754ef00, org.springframework.boot.test.mock.mockito.MockitoTestExecutionListener@619bd14c, org.springframework.boot.test.autoconfigure.SpringBootDependencyInjectionTestExecutionListener@323e8306, org.springframework.test.context.support.DirtiesContextTestExecutionListener@a23a01d, org.springframework.test.context.transaction.TransactionalTestExecutionListener@4acf72b6, org.springframework.test.context.jdbc.SqlScriptsTestExecutionListener@7561db12, org.springframework.security.test.context.support.WithSecurityContextTestExecutionListener@3301500b, org.springframework.test.context.event.EventPublishingTestExecutionListener@24b52d3e, org.springframework.security.test.context.support.ReactorContextTestExecutionListener@15deb1dc, org.springframework.boot.test.autoconfigure.restdocs.RestDocsTestExecutionListener@6e9c413e, org.springframework.boot.test.autoconfigure.web.client.MockRestServiceServerResetTestExecutionListener@57a4d5ee, org.springframework.boot.test.autoconfigure.web.servlet.MockMvcPrintOnlyOnFailureTestExecutionListener@5af5def9, org.springframework.boot.test.autoconfigure.web.servlet.WebDriverTestExecutionListener@3a45c42a, org.springframework.boot.test.autoconfigure.webservices.client.MockWebServiceServerTestExecutionListener@36dce7ed, org.springframework.boot.test.mock.mockito.ResetMocksTestExecutionListener@47a64f7d]
12:09:25.716 [Test worker] DEBUG org.springframework.test.context.support.AbstractDirtiesContextTestExecutionListener - Before test class: context [DefaultTestContext@13c612bd testClass = BackApplicationTests, testInstance = [null], testMethod = [null], testException = [null], mergedContextConfiguration = [WebMergedContextConfiguration@3ef41c66 testClass = BackApplicationTests, locations = '{}', classes = '{class kokoafriends.back.BackApplication}', contextInitializerClasses = '[]', activeProfiles = '{}', propertySourceLocations = '{}', propertySourceProperties = '{org.springframework.boot.test.context.SpringBootTestContextBootstrapper=true}', contextCustomizers = set[org.springframework.boot.test.autoconfigure.actuate.metrics.MetricsExportContextCustomizerFactory$DisableMetricExportContextCustomizer@2bb7bd00, org.springframework.boot.test.autoconfigure.properties.PropertyMappingContextCustomizer@0, org.springframework.boot.test.autoconfigure.web.servlet.WebDriverContextCustomizerFactory$Customizer@6f8f9349, org.springframework.boot.test.context.filter.ExcludeFilterContextCustomizer@75f5fd58, org.springframework.boot.test.json.DuplicateJsonObjectContextCustomizerFactory$DuplicateJsonObjectContextCustomizer@47db5fa5, org.springframework.boot.test.mock.mockito.MockitoContextCustomizer@0, org.springframework.boot.test.web.client.TestRestTemplateContextCustomizer@609640d5, org.springframework.boot.test.context.SpringBootTestArgs@1, org.springframework.boot.test.context.SpringBootTestWebEnvironment@239105a8], resourceBasePath = 'src/main/webapp', contextLoader = 'org.springframework.boot.test.context.SpringBootContextLoader', parent = [null]], attributes = map['org.springframework.test.context.web.ServletTestExecutionListener.activateListener' -> true]], class annotated with @DirtiesContext [false] with mode [null].

  .   ____          _            __ _ _
 /\\ / ___'_ __ _ _(_)_ __  __ _ \ \ \ \
( ( )\___ | '_ | '_| | '_ \/ _` | \ \ \ \
 \\/  ___)| |_)| | | | | || (_| |  ) ) ) )
  '  |____| .__|_| |_|_| |_\__, | / / / /
 =========|_|==============|___/=/_/_/_/
 :: Spring Boot ::                (v2.7.3)

2022-11-10 12:09:26.032  INFO 17200 --- [    Test worker] kokoafriends.back.BackApplicationTests   : Starting BackApplicationTests using Java 11.0.15 on DESKTOP-HS1HH67 with PID 17200 (started by mink in C:\Users\mink\IdeaProjects\kokoafriends\back)
2022-11-10 12:09:26.032  INFO 17200 --- [    Test worker] kokoafriends.back.BackApplicationTests   : No active profile set, falling back to 1 default profile: "default"
2022-11-10 12:09:26.622  INFO 17200 --- [    Test worker] .s.d.r.c.RepositoryConfigurationDelegate : Bootstrapping Spring Data JPA repositories in DEFAULT mode.
2022-11-10 12:09:26.686  INFO 17200 --- [    Test worker] .s.d.r.c.RepositoryConfigurationDelegate : Finished Spring Data repository scanning in 50 ms. Found 1 JPA repository interfaces.
2022-11-10 12:09:27.296  INFO 17200 --- [    Test worker] com.zaxxer.hikari.HikariDataSource       : HikariPool-1 - Starting...
2022-11-10 12:09:27.780  INFO 17200 --- [    Test worker] com.zaxxer.hikari.HikariDataSource       : HikariPool-1 - Start completed.
2022-11-10 12:09:27.914  INFO 17200 --- [    Test worker] o.hibernate.jpa.internal.util.LogHelper  : HHH000204: Processing PersistenceUnitInfo [name: default]
2022-11-10 12:09:27.977  INFO 17200 --- [    Test worker] org.hibernate.Version                    : HHH000412: Hibernate ORM core version 5.6.10.Final
2022-11-10 12:09:28.125  INFO 17200 --- [    Test worker] o.hibernate.annotations.common.Version   : HCANN000001: Hibernate Commons Annotations {5.1.2.Final}
2022-11-10 12:09:28.244  INFO 17200 --- [    Test worker] org.hibernate.dialect.Dialect            : HHH000400: Using dialect: org.hibernate.dialect.MySQL57Dialect
2022-11-10 12:09:28.673  INFO 17200 --- [    Test worker] o.h.e.t.j.p.i.JtaPlatformInitiator       : HHH000490: Using JtaPlatform implementation: [org.hibernate.engine.transaction.jta.platform.internal.NoJtaPlatform]
2022-11-10 12:09:28.689  INFO 17200 --- [    Test worker] j.LocalContainerEntityManagerFactoryBean : Initialized JPA EntityManagerFactory for persistence unit 'default'
2022-11-10 12:09:29.233  WARN 17200 --- [    Test worker] JpaBaseConfiguration$JpaWebConfiguration : spring.jpa.open-in-view is enabled by default. Therefore, database queries may be performed during view rendering. Explicitly configure spring.jpa.open-in-view to disable this warning
2022-11-10 12:09:29.639  WARN 17200 --- [    Test worker] ion$DefaultTemplateResolverConfiguration : Cannot find template location: classpath:/templates/ (please add some templates or check your Thymeleaf configuration)
2022-11-10 12:09:29.814  INFO 17200 --- [    Test worker] kokoafriends.back.BackApplicationTests   : Started BackApplicationTests in 4.072 seconds (JVM running for 5.532)
]]></system-out>
  <system-err><![CDATA[]]></system-err>
</testsuite>
